[05:39:40] [main/WARN] (FabricLoader/Knot) Class path entries reference missing files: G:\MinePilot\MinePilot\mc_ai_recorder\build\resources\client, G:\MinePilot\MinePilot\mc_ai_recorder\build\classes\java\main - the game may not load properly!
[05:39:40] [main/INFO] (FabricLoader/GameProvider) Loading Minecraft 26.1.2 with Fabric Loader 0.19.3
[05:39:40] [main/INFO] (FabricLoader/Mappings) Mappings not present!
[05:39:40] [main/INFO] (FabricLoader) Loading 51 mods:
	- fabric-api 0.154.0+26.1.2
	- fabric-api-base 2.0.3+ece063234c
	- fabric-api-lookup-api-v1 2.0.12+d5a053b64c
	- fabric-biome-api-v1 18.0.5+2fa62b4e4c
	- fabric-block-api-v1 3.0.2+ec56b6014c
	- fabric-block-getter-api-v2 2.0.6+ec56b6014c
	- fabric-client-gametest-api-v1 5.1.0+0a5283664c
	- fabric-command-api-v2 3.0.5+e2bdee784c
	- fabric-content-registries-v0 11.2.1+76b0b6bb4c
	- fabric-convention-tags-v2 4.6.2+4f11f7994c
	- fabric-crash-report-info-v1 1.0.3+9f78a5a84c
	- fabric-creative-tab-api-v1 5.0.11+d871b99e4c
	- fabric-data-attachment-api-v1 2.2.9+44a0bd1d4c
	- fabric-data-generation-api-v1 24.3.2+574cf22d4c
	- fabric-debug-api-v1 1.0.1+c792624d4c
	- fabric-dimensions-v1 5.1.6+9cbf5da54c
	- fabric-entity-events-v1 5.0.2+e2bdee784c
	- fabric-events-interaction-v0 5.2.2+07b380be4c
	- fabric-game-rule-api-v1 4.0.5+d871b99e4c
	- fabric-gametest-api-v1 4.0.17+867b87624c
	- fabric-item-api-v1 14.2.0+a2a3a8914c
	- fabric-key-mapping-api-v1 2.0.4+e2bdee784c
	- fabric-lifecycle-events-v1 4.1.1+df84eb3d4c
	- fabric-loot-api-v3 3.0.12+00a1fba64c
	- fabric-menu-api-v1 2.0.14+d871b99e4c
	- fabric-message-api-v1 7.0.5+dae8ce3e4c
	- fabric-model-loading-api-v1 8.0.10+c80601bb4c
	- fabric-networking-api-v1 6.3.1+554860db4c
	- fabric-object-builder-api-v1 23.1.0+abb459f14c
	- fabric-particles-v1 5.0.15+b61fef434c
	- fabric-permission-api-v1 1.0.1+c3369b134c
	- fabric-recipe-api-v1 9.0.16+be4b75ae4c
	- fabric-registry-sync-v0 7.1.0+2fa62b4e4c
	- fabric-renderer-api-v1 13.0.7+c80601bb4c
	- fabric-renderer-indigo 8.1.4+1403e82c4c
	- fabric-rendering-fluids-v1 6.0.1+d871b99e4c
	- fabric-rendering-v1 23.3.0+e9207d814c
	- fabric-resource-conditions-api-v1 6.1.0+83dd0ba34c
	- fabric-resource-loader-v0 3.3.17+4fc5413f4c
	- fabric-resource-loader-v1 2.0.10+7c44c7324c
	- fabric-screen-api-v1 5.1.0+981dd9b24c
	- fabric-serialization-api-v1 2.0.3+11a26f314c
	- fabric-sound-api-v1 2.0.4+11a26f314c
	- fabric-tag-api-v1 2.1.1+371cf5db4c
	- fabric-transfer-api-v1 8.0.6+357ea7334c
	- fabric-transitive-access-wideners-v1 8.1.2+e9207d814c
	- fabricloader 0.19.3
	- java 25
	- mc_ai_recorder 0.1.0
	- minecraft 26.1.2
	- mixinextras 0.5.4
[05:39:40] [main/INFO] (FabricLoader/Mixin) SpongePowered MIXIN Subsystem Version=0.8.7 Source=file:/C:/Users/Juliusz/.gradle/caches/modules-2/files-2.1/net.fabricmc/sponge-mixin/0.17.3+mixin.0.8.7/41c4a3984a80f4679e759fb9f495587acc5cdac7/sponge-mixin-0.17.3+mixin.0.8.7.jar Service=Knot/Fabric Env=CLIENT
[05:39:40] [main/INFO] (FabricLoader/Mixin) Compatibility level set to JAVA_25
[05:39:41] [main/INFO] (FabricLoader/MixinExtras|Service) Initializing MixinExtras via com.llamalad7.mixinextras.service.MixinExtrasServiceImpl(version=0.5.4).
[05:39:41] [Datafixer Bootstrap/INFO] (Minecraft) 291 Datafixer optimizations took 172 milliseconds
[05:39:44] [Render thread/INFO] (Minecraft) Environment: Environment[sessionHost=https://sessionserver.mojang.com, servicesHost=https://api.minecraftservices.com, profilesHost=https://api.mojang.com, name=PROD]
[05:39:44] [Render thread/INFO] (Minecraft) Setting user: Player188
[05:39:44] [Render thread/INFO] (Indigo) [Indigo] Registering Indigo renderer!
[05:39:44] [Render thread/INFO] (Minecraft) [STDOUT]: [MC AI Recorder] Client initialized
[05:39:44] [Render thread/INFO] (Minecraft) Backend library: LWJGL version 3.4.1-snapshot
[05:39:44] [Download-2/ERROR] (Minecraft) Failed to fetch user properties
com.mojang.authlib.exceptions.InvalidCredentialsException: Status: 401
	at knot//com.mojang.authlib.exceptions.MinecraftClientHttpException.toAuthenticationException(MinecraftClientHttpException.java:59)
	at knot//com.mojang.authlib.yggdrasil.YggdrasilUserApiService.fetchProperties(YggdrasilUserApiService.java:150)
	at knot//net.minecraft.client.Minecraft.lambda$new$1(Minecraft.java:459)
	at java.base/java.util.concurrent.CompletableFuture$AsyncSupply.run(CompletableFuture.java:1789)
	at java.base/java.util.concurrent.ThreadPoolExecutor.runWorker(ThreadPoolExecutor.java:1090)
	at java.base/java.util.concurrent.ThreadPoolExecutor$Worker.run(ThreadPoolExecutor.java:614)
	at java.base/java.lang.Thread.run(Thread.java:1474)
Caused by: com.mojang.authlib.exceptions.MinecraftClientHttpException: Status: 401
	at knot//com.mojang.authlib.minecraft.client.MinecraftClient.readInputStream(MinecraftClient.java:103)
	at knot//com.mojang.authlib.minecraft.client.MinecraftClient.get(MinecraftClient.java:56)
	at knot//com.mojang.authlib.yggdrasil.YggdrasilUserApiService.fetchProperties(YggdrasilUserApiService.java:121)
	... 5 more
[05:39:45] [Render thread/INFO] (Minecraft) Using optional rendering extensions: GL_ARB_buffer_storage, GL_KHR_debug, GL_ARB_vertex_attrib_binding, GL_ARB_direct_state_access, GL_EXT_texture_filter_anisotropic
[05:39:45] [Render thread/INFO] (Minecraft) Reloading ResourceManager: vanilla, fabric-api, fabric-api-base, fabric-api-lookup-api-v1, fabric-biome-api-v1, fabric-block-api-v1, fabric-block-getter-api-v2, fabric-client-gametest-api-v1, fabric-command-api-v2, fabric-content-registries-v0, fabric-convention-tags-v2, fabric-crash-report-info-v1, fabric-creative-tab-api-v1, fabric-data-attachment-api-v1, fabric-data-generation-api-v1, fabric-debug-api-v1, fabric-dimensions-v1, fabric-entity-events-v1, fabric-events-interaction-v0, fabric-game-rule-api-v1, fabric-gametest-api-v1, fabric-item-api-v1, fabric-key-mapping-api-v1, fabric-lifecycle-events-v1, fabric-loot-api-v3, fabric-menu-api-v1, fabric-message-api-v1, fabric-model-loading-api-v1, fabric-networking-api-v1, fabric-object-builder-api-v1, fabric-particles-v1, fabric-permission-api-v1, fabric-recipe-api-v1, fabric-registry-sync-v0, fabric-renderer-api-v1, fabric-renderer-indigo, fabric-rendering-fluids-v1, fabric-rendering-v1, fabric-resource-conditions-api-v1, fabric-resource-loader-v0, fabric-resource-loader-v1, fabric-screen-api-v1, fabric-serialization-api-v1, fabric-sound-api-v1, fabric-tag-api-v1, fabric-transfer-api-v1, fabric-transitive-access-wideners-v1, fabricloader
[05:39:45] [Worker-Main-19/INFO] (Minecraft) Found unifont_pua-17.0.01.hex, loading
[05:39:45] [Worker-Main-22/INFO] (Minecraft) Found unifont_all_no_pua-17.0.01.hex, loading
[05:39:45] [Download-2/INFO] (Minecraft) Could not authorize you against Realms server: java.lang.RuntimeException: Failed to parse into SignedJWT: FabricMC
[05:39:45] [Download-2/ERROR] (Minecraft) Failed to fetch Realms feature flags
com.mojang.realmsclient.exception.RealmsServiceException: Realms authentication error with message 'java.lang.RuntimeException: Failed to parse into SignedJWT: FabricMC'
	at knot//com.mojang.realmsclient.client.RealmsClient.execute(RealmsClient.java:526)
	at knot//com.mojang.realmsclient.client.RealmsClient.fetchFeatureFlags(RealmsClient.java:186)
	at java.base/java.util.concurrent.CompletableFuture$AsyncSupply.run(CompletableFuture.java:1789)
	at java.base/java.util.concurrent.ThreadPoolExecutor.runWorker(ThreadPoolExecutor.java:1090)
	at java.base/java.util.concurrent.ThreadPoolExecutor$Worker.run(ThreadPoolExecutor.java:614)
	at java.base/java.lang.Thread.run(Thread.java:1474)
[05:39:45] [Worker-Main-6/INFO] (Minecraft) Found unifont_jp_patch-17.0.01.hex, loading
[05:39:46] [Render thread/INFO] (Minecraft) OpenAL initialized on device OpenAL Soft on Słuchawki (RØDE NT-USB Mini)
[05:39:46] [Render thread/INFO] (Minecraft) Sound engine started
[05:39:46] [Render thread/INFO] (Minecraft) Created: 512x256x0 minecraft:textures/atlas/particles.png-atlas
[05:39:46] [Render thread/INFO] (Minecraft) Created: 128x128x0 minecraft:textures/atlas/decorated_pot.png-atlas
[05:39:46] [Render thread/INFO] (Minecraft) Created: 2048x1024x0 minecraft:textures/atlas/armor_trims.png-atlas
[05:39:46] [Render thread/INFO] (Minecraft) Created: 512x256x0 minecraft:textures/atlas/paintings.png-atlas
[05:39:46] [Render thread/INFO] (Minecraft) Created: 1024x512x0 minecraft:textures/atlas/shield_patterns.png-atlas
[05:39:46] [Render thread/INFO] (Minecraft) Created: 2048x2048x4 minecraft:textures/atlas/blocks.png-atlas
[05:39:46] [Render thread/INFO] (Minecraft) Created: 512x512x0 minecraft:textures/atlas/chest.png-atlas
[05:39:46] [Render thread/INFO] (Minecraft) Created: 256x128x0 minecraft:textures/atlas/celestials.png-atlas
[05:39:46] [Render thread/INFO] (Minecraft) Created: 1024x512x0 minecraft:textures/atlas/banner_patterns.png-atlas
[05:39:46] [Render thread/INFO] (Minecraft) Created: 512x512x0 minecraft:textures/atlas/beds.png-atlas
[05:39:46] [Render thread/INFO] (Minecraft) Created: 1024x512x0 minecraft:textures/atlas/items.png-atlas
[05:39:46] [Render thread/INFO] (Minecraft) Created: 1024x1024x0 minecraft:textures/atlas/gui.png-atlas
[05:39:46] [Render thread/INFO] (Minecraft) Created: 128x64x0 minecraft:textures/atlas/map_decorations.png-atlas
[05:39:46] [Render thread/INFO] (Minecraft) Created: 512x256x0 minecraft:textures/atlas/signs.png-atlas
[05:39:46] [Render thread/INFO] (Minecraft) Created: 512x512x0 minecraft:textures/atlas/shulker_boxes.png-atlas
[05:39:53] [IO-Worker-1/INFO] (Minecraft) Could not authorize you against Realms server: java.lang.RuntimeException: Failed to parse into SignedJWT: FabricMC
[05:39:53] [IO-Worker-1/ERROR] (Minecraft) Couldn't connect to realms
com.mojang.realmsclient.exception.RealmsServiceException: Realms authentication error with message 'java.lang.RuntimeException: Failed to parse into SignedJWT: FabricMC'
	at knot//com.mojang.realmsclient.client.RealmsClient.execute(RealmsClient.java:526)
	at knot//com.mojang.realmsclient.client.RealmsClient.clientCompatible(RealmsClient.java:307)
	at knot//com.mojang.realmsclient.RealmsAvailability.lambda$check$0(RealmsAvailability.java:48)
	at java.base/java.util.concurrent.CompletableFuture$AsyncSupply.run(CompletableFuture.java:1789)
	at java.base/java.util.concurrent.ThreadPoolExecutor.runWorker(ThreadPoolExecutor.java:1090)
	at java.base/java.util.concurrent.ThreadPoolExecutor$Worker.run(ThreadPoolExecutor.java:614)
	at java.base/java.lang.Thread.run(Thread.java:1474)
[05:39:57] [Render thread/INFO] (Minecraft) Loaded 1515 recipes
[05:39:57] [Render thread/INFO] (Minecraft) Loaded 1617 advancements
[05:39:58] [Render thread/INFO] (BiomeModificationImpl) Applied 0 biome modifications to 0 of 65 new biomes in 727.6 μs
[05:39:58] [Server thread/INFO] (Minecraft) Starting integrated minecraft server version 26.1.2
[05:39:58] [Server thread/INFO] (Minecraft) Generating keypair
[05:39:58] [Server thread/INFO] (Minecraft) Selecting global world spawn...
[05:40:00] [Server thread/INFO] (Minecraft) Loading 0 persistent chunks...
[05:40:00] [Server thread/INFO] (Minecraft) Preparing spawn area: 16%
[05:40:00] [Server thread/INFO] (Minecraft) Saving chunks for level 'ServerLevel[New World]'/minecraft:overworld
[05:40:00] [Server thread/INFO] (Minecraft) Saving chunks for level 'ServerLevel[New World]'/minecraft:the_end
[05:40:00] [Server thread/INFO] (Minecraft) Saving chunks for level 'ServerLevel[New World]'/minecraft:the_nether
[05:40:01] [Server thread/INFO] (Minecraft) ThreadedAnvilChunkStorage (world): All chunks are saved
[05:40:01] [Server thread/INFO] (Minecraft) ThreadedAnvilChunkStorage (DIM1): All chunks are saved
[05:40:01] [Server thread/INFO] (Minecraft) ThreadedAnvilChunkStorage (DIM-1): All chunks are saved
[05:40:01] [Server thread/INFO] (Minecraft) ThreadedAnvilChunkStorage: All dimensions are saved
[05:40:02] [Server thread/INFO] (Minecraft) Loading 47 chunks for player spawn...
[05:40:02] [Server thread/INFO] (Minecraft) Preparing spawn area: 16%
[05:40:02] [Server thread/INFO] (Minecraft) Preparing spawn area: 16%
[05:40:02] [Server thread/INFO] (Minecraft) Preparing spawn area: 16%
[05:40:02] [Server thread/INFO] (Minecraft) Preparing spawn area: 16%
[05:40:02] [Server thread/INFO] (Minecraft) Preparing spawn area: 16%
[05:40:02] [Server thread/INFO] (Minecraft) Preparing spawn area: 16%
[05:40:02] [Server thread/INFO] (Minecraft) Preparing spawn area: 29%
[05:40:02] [Server thread/INFO] (Minecraft) Preparing spawn area: 29%
[05:40:03] [Server thread/INFO] (Minecraft) Time elapsed: 4467 ms
[05:40:03] [Server thread/INFO] (Minecraft) Player188[local:E:fe12c6a9] logged in with entity id 1 at (-5.5, 90.0, 20.5)
[05:40:03] [Server thread/INFO] (Minecraft) Player188 joined the game
[05:40:03] [Server thread/INFO] (Minecraft) Changing view distance to 16, from 10
[05:40:03] [Server thread/INFO] (Minecraft) Changing simulation distance to 12, from 0
[05:40:03] [Render thread/INFO] (Minecraft) Loaded 2 advancements
[05:40:03] [Render thread/INFO] (Minecraft) Resizing Dynamic Transforms UBO, capacity limit of 2 reached during a single frame. New capacity will be 4.
[05:40:03] [Render thread/INFO] (Minecraft) Resizing Dynamic Transforms UBO, capacity limit of 4 reached during a single frame. New capacity will be 8.
[05:40:03] [Render thread/INFO] (Minecraft) Resizing Chunk Sections UBO, capacity limit of 2 reached during a single frame. New capacity will be 4.
[05:40:03] [Render thread/INFO] (Minecraft) Resizing Chunk Sections UBO, capacity limit of 4 reached during a single frame. New capacity will be 8.
[05:40:03] [Render thread/INFO] (Minecraft) Resizing Chunk Sections UBO, capacity limit of 8 reached during a single frame. New capacity will be 16.
[05:40:04] [Render thread/INFO] (Minecraft) Resizing Chunk Sections UBO, capacity limit of 16 reached during a single frame. New capacity will be 32.
[05:40:04] [Render thread/INFO] (Minecraft) Resizing Chunk Sections UBO, capacity limit of 32 reached during a single frame. New capacity will be 64.
[05:40:04] [Render thread/INFO] (Minecraft) Resizing Chunk Sections UBO, capacity limit of 64 reached during a single frame. New capacity will be 128.
[05:40:06] [Render thread/INFO] (Minecraft) Resizing Chunk Sections UBO, capacity limit of 128 reached during a single frame. New capacity will be 256.
[05:40:06] [Render thread/INFO] (Minecraft) [System] [CHAT] [MC AI Recorder] AI control: ON
[05:40:07] [Render thread/INFO] (Minecraft) Resizing Chunk Sections UBO, capacity limit of 256 reached during a single frame. New capacity will be 512.
[05:40:09] [Render thread/INFO] (Minecraft) [System] [CHAT] [MC AI Recorder] TCP inference: ON
[05:40:09] [MC-AI-TCP-Inference/INFO] (Minecraft) [STDOUT]: [MC AI] Connecting to 192.168.0.11:5005
[05:40:09] [MC-AI-TCP-Inference/INFO] (Minecraft) [STDOUT]: [MC AI] Connected!
[05:40:09] [MC-AI-TCP-Inference/INFO] (Minecraft) [STDOUT]: [MC AI Recorder] TCP action F=false J=false ATK=false yaw=-0.1891 pitch=-0.2475 RTT=74ms
[05:40:09] [MC-AI-TCP-Inference/INFO] (Minecraft) [STDOUT]: [MC AI Recorder] TCP action F=false J=false ATK=false yaw=0.3506 pitch=-0.2379 RTT=63ms
[05:40:09] [MC-AI-TCP-Inference/INFO] (Minecraft) [STDOUT]: [MC AI Recorder] TCP action F=false J=false ATK=false yaw=0.778 pitch=0.0049 RTT=75ms
[05:40:09] [MC-AI-TCP-Inference/INFO] (Minecraft) [STDOUT]: [MC AI Recorder] TCP action F=false J=false ATK=false yaw=0.5237 pitch=0.0166 RTT=66ms
[05:40:10] [MC-AI-TCP-Inference/INFO] (Minecraft) [STDOUT]: [MC AI Recorder] TCP action F=false J=false ATK=false yaw=0.0156 pitch=0.1039 RTT=62ms
[05:40:10] [MC-AI-TCP-Inference/INFO] (Minecraft) [STDOUT]: [MC AI Recorder] TCP action F=false J=false ATK=false yaw=1.3288 pitch=0.1322 RTT=63ms
[05:40:10] [Render thread/INFO] (Minecraft) Resizing Dynamic Transforms UBO, capacity limit of 8 reached during a single frame. New capacity will be 16.
[05:40:10] [MC-AI-TCP-Inference/INFO] (Minecraft) [STDOUT]: [MC AI Recorder] TCP action F=false J=false ATK=false yaw=1.0108 pitch=0.207 RTT=62ms
[05:40:10] [MC-AI-TCP-Inference/INFO] (Minecraft) [STDOUT]: [MC AI Recorder] TCP action F=false J=false ATK=false yaw=5.2419 pitch=1.021 RTT=62ms
[05:40:10] [MC-AI-TCP-Inference/INFO] (Minecraft) [STDOUT]: [MC AI Recorder] TCP action F=false J=false ATK=false yaw=3.4468 pitch=0.6137 RTT=64ms
[05:40:11] [MC-AI-TCP-Inference/INFO] (Minecraft) [STDOUT]: [MC AI Recorder] TCP action F=false J=false ATK=false yaw=2.6211 pitch=0.3685 RTT=64ms
[05:40:11] [MC-AI-TCP-Inference/INFO] (Minecraft) [STDOUT]: [MC AI Recorder] TCP action F=false J=false ATK=false yaw=2.7812 pitch=0.4653 RTT=72ms
[05:40:11] [MC-AI-TCP-Inference/INFO] (Minecraft) [STDOUT]: [MC AI Recorder] TCP action F=false J=false ATK=false yaw=3.7061 pitch=0.8589 RTT=72ms
[05:40:11] [MC-AI-TCP-Inference/INFO] (Minecraft) [STDOUT]: [MC AI Recorder] TCP action F=false J=false ATK=false yaw=3.5952 pitch=0.6496 RTT=71ms
[05:40:11] [MC-AI-TCP-Inference/INFO] (Minecraft) [STDOUT]: [MC AI Recorder] TCP action F=false J=false ATK=false yaw=2.284 pitch=0.2433 RTT=74ms
[05:40:12] [MC-AI-TCP-Inference/INFO] (Minecraft) [STDOUT]: [MC AI Recorder] TCP action F=false J=false ATK=false yaw=3.8058 pitch=0.5007 RTT=67ms
[05:40:12] [MC-AI-TCP-Inference/INFO] (Minecraft) [STDOUT]: [MC AI Recorder] TCP action F=false J=false ATK=false yaw=3.9243 pitch=0.5447 RTT=80ms
[05:40:12] [MC-AI-TCP-Inference/INFO] (Minecraft) [STDOUT]: [MC AI Recorder] TCP action F=false J=false ATK=false yaw=2.8736 pitch=0.1797 RTT=74ms
[05:40:12] [MC-AI-TCP-Inference/INFO] (Minecraft) [STDOUT]: [MC AI Recorder] TCP action F=false J=false ATK=false yaw=2.8973 pitch=0.2584 RTT=66ms
[05:40:12] [MC-AI-TCP-Inference/INFO] (Minecraft) [STDOUT]: [MC AI Recorder] TCP action F=false J=false ATK=false yaw=2.5141 pitch=0.2842 RTT=99ms
[05:40:13] [MC-AI-TCP-Inference/INFO] (Minecraft) [STDOUT]: [MC AI Recorder] TCP action F=false J=false ATK=false yaw=2.626 pitch=0.148 RTT=68ms
[05:40:13] [MC-AI-TCP-Inference/INFO] (Minecraft) [STDOUT]: [MC AI Recorder] TCP action F=false J=false ATK=false yaw=2.8113 pitch=0.4594 RTT=63ms
[05:40:13] [MC-AI-TCP-Inference/INFO] (Minecraft) [STDOUT]: [MC AI Recorder] TCP action F=false J=false ATK=false yaw=2.9517 pitch=0.0132 RTT=73ms
[05:40:14] [MC-AI-TCP-Inference/INFO] (Minecraft) [STDOUT]: [MC AI Recorder] TCP action F=false J=false ATK=false yaw=2.3314 pitch=0.0455 RTT=62ms
[05:40:14] [MC-AI-TCP-Inference/INFO] (Minecraft) [STDOUT]: [MC AI Recorder] TCP action F=false J=false ATK=false yaw=2.5015 pitch=0.0414 RTT=63ms
[05:40:14] [MC-AI-TCP-Inference/INFO] (Minecraft) [STDOUT]: [MC AI Recorder] TCP action F=false J=false ATK=false yaw=2.2415 pitch=0.0556 RTT=65ms
[05:40:14] [MC-AI-TCP-Inference/INFO] (Minecraft) [STDOUT]: [MC AI Recorder] TCP action F=false J=false ATK=false yaw=3.6153 pitch=0.4394 RTT=59ms
[05:40:14] [MC-AI-TCP-Inference/INFO] (Minecraft) [STDOUT]: [MC AI Recorder] TCP action F=false J=false ATK=false yaw=4.5878 pitch=0.8261 RTT=70ms
[05:40:15] [MC-AI-TCP-Inference/INFO] (Minecraft) [STDOUT]: [MC AI Recorder] TCP action F=false J=false ATK=false yaw=3.3367 pitch=0.348 RTT=62ms
[05:40:15] [MC-AI-TCP-Inference/INFO] (Minecraft) [STDOUT]: [MC AI Recorder] TCP action F=false J=false ATK=false yaw=4.3567 pitch=0.8518 RTT=65ms
[05:40:15] [MC-AI-TCP-Inference/INFO] (Minecraft) [STDOUT]: [MC AI Recorder] TCP action F=false J=false ATK=false yaw=4.3995 pitch=0.6689 RTT=63ms
[05:40:15] [MC-AI-TCP-Inference/INFO] (Minecraft) [STDOUT]: [MC AI Recorder] TCP action F=false J=false ATK=false yaw=4.2456 pitch=0.7815 RTT=64ms
[05:40:15] [MC-AI-TCP-Inference/INFO] (Minecraft) [STDOUT]: [MC AI Recorder] TCP action F=false J=false ATK=false yaw=2.9089 pitch=0.2459 RTT=71ms
[05:40:16] [MC-AI-TCP-Inference/INFO] (Minecraft) [STDOUT]: [MC AI Recorder] TCP action F=false J=false ATK=false yaw=1.4527 pitch=0.0549 RTT=73ms
[05:40:16] [MC-AI-TCP-Inference/INFO] (Minecraft) [STDOUT]: [MC AI Recorder] TCP action F=false J=false ATK=false yaw=2.2409 pitch=-0.0591 RTT=64ms
[05:40:16] [MC-AI-TCP-Inference/INFO] (Minecraft) [STDOUT]: [MC AI Recorder] TCP action F=false J=false ATK=false yaw=2.2588 pitch=-0.0132 RTT=68ms
[05:40:16] [MC-AI-TCP-Inference/INFO] (Minecraft) [STDOUT]: [MC AI Recorder] TCP action F=false J=false ATK=false yaw=2.3115 pitch=-0.0779 RTT=65ms
[05:40:16] [MC-AI-TCP-Inference/INFO] (Minecraft) [STDOUT]: [MC AI Recorder] TCP action F=false J=false ATK=false yaw=1.8516 pitch=-0.2277 RTT=71ms
[05:40:17] [MC-AI-TCP-Inference/INFO] (Minecraft) [STDOUT]: [MC AI Recorder] TCP action F=false J=false ATK=false yaw=2.0182 pitch=-0.1157 RTT=69ms
[05:40:17] [MC-AI-TCP-Inference/INFO] (Minecraft) [STDOUT]: [MC AI Recorder] TCP action F=false J=false ATK=false yaw=2.5755 pitch=0.0268 RTT=64ms
[05:40:17] [MC-AI-TCP-Inference/INFO] (Minecraft) [STDOUT]: [MC AI Recorder] TCP action F=false J=false ATK=false yaw=3.1244 pitch=0.3052 RTT=72ms
[05:40:17] [MC-AI-TCP-Inference/INFO] (Minecraft) [STDOUT]: [MC AI Recorder] TCP action F=false J=false ATK=false yaw=2.6464 pitch=0.1741 RTT=59ms
[05:40:18] [MC-AI-TCP-Inference/INFO] (Minecraft) [STDOUT]: [MC AI Recorder] TCP action F=false J=false ATK=false yaw=2.2605 pitch=0.1054 RTT=69ms
[05:40:18] [MC-AI-TCP-Inference/INFO] (Minecraft) [STDOUT]: [MC AI Recorder] TCP action F=false J=false ATK=false yaw=2.5705 pitch=0.0356 RTT=70ms
[05:40:18] [MC-AI-TCP-Inference/INFO] (Minecraft) [STDOUT]: [MC AI Recorder] TCP action F=false J=false ATK=false yaw=1.9799 pitch=-8.0E-4 RTT=71ms
[05:40:18] [MC-AI-TCP-Inference/INFO] (Minecraft) [STDOUT]: [MC AI Recorder] TCP action F=false J=false ATK=false yaw=1.9359 pitch=-0.0232 RTT=64ms
[05:40:18] [MC-AI-TCP-Inference/INFO] (Minecraft) [STDOUT]: [MC AI Recorder] TCP action F=false J=false ATK=false yaw=1.9831 pitch=-0.0053 RTT=60ms
[05:40:19] [MC-AI-TCP-Inference/INFO] (Minecraft) [STDOUT]: [MC AI Recorder] TCP action F=false J=true ATK=false yaw=2.3557 pitch=0.0185 RTT=73ms
[05:40:19] [MC-AI-TCP-Inference/INFO] (Minecraft) [STDOUT]: [MC AI Recorder] TCP action F=false J=false ATK=false yaw=2.0391 pitch=-0.0099 RTT=65ms
[05:40:19] [MC-AI-TCP-Inference/INFO] (Minecraft) [STDOUT]: [MC AI Recorder] TCP action F=false J=false ATK=false yaw=2.5427 pitch=0.275 RTT=74ms
[05:40:19] [MC-AI-TCP-Inference/INFO] (Minecraft) [STDOUT]: [MC AI Recorder] TCP action F=false J=false ATK=false yaw=2.1391 pitch=0.1018 RTT=62ms
[05:40:19] [MC-AI-TCP-Inference/INFO] (Minecraft) [STDOUT]: [MC AI Recorder] TCP action F=false J=false ATK=false yaw=2.4136 pitch=0.0543 RTT=62ms
[05:40:20] [MC-AI-TCP-Inference/INFO] (Minecraft) [STDOUT]: [MC AI Recorder] TCP action F=false J=false ATK=false yaw=1.7968 pitch=0.0194 RTT=71ms
[05:40:20] [MC-AI-TCP-Inference/INFO] (Minecraft) [STDOUT]: [MC AI Recorder] TCP action F=false J=false ATK=false yaw=2.286 pitch=0.0135 RTT=68ms
[05:40:20] [MC-AI-TCP-Inference/INFO] (Minecraft) [STDOUT]: [MC AI Recorder] TCP action F=false J=false ATK=false yaw=2.7769 pitch=0.2051 RTT=63ms
[05:40:20] [MC-AI-TCP-Inference/INFO] (Minecraft) [STDOUT]: [MC AI Recorder] TCP action F=false J=false ATK=false yaw=2.4442 pitch=0.0863 RTT=67ms
[05:40:20] [MC-AI-TCP-Inference/INFO] (Minecraft) [STDOUT]: [MC AI Recorder] TCP action F=false J=false ATK=false yaw=3.1684 pitch=0.4021 RTT=70ms
[05:40:21] [MC-AI-TCP-Inference/INFO] (Minecraft) [STDOUT]: [MC AI Recorder] TCP action F=false J=false ATK=false yaw=2.7247 pitch=0.3153 RTT=59ms
[05:40:21] [MC-AI-TCP-Inference/INFO] (Minecraft) [STDOUT]: [MC AI Recorder] TCP action F=false J=false ATK=false yaw=2.8244 pitch=0.1395 RTT=66ms
[05:40:21] [MC-AI-TCP-Inference/INFO] (Minecraft) [STDOUT]: [MC AI Recorder] TCP action F=false J=false ATK=false yaw=3.1406 pitch=0.201 RTT=61ms
[05:40:21] [MC-AI-TCP-Inference/INFO] (Minecraft) [STDOUT]: [MC AI Recorder] TCP action F=false J=false ATK=false yaw=3.3011 pitch=0.3145 RTT=71ms
[05:40:21] [MC-AI-TCP-Inference/INFO] (Minecraft) [STDOUT]: [MC AI Recorder] TCP action F=false J=false ATK=false yaw=2.94 pitch=0.3103 RTT=67ms
[05:40:22] [MC-AI-TCP-Inference/INFO] (Minecraft) [STDOUT]: [MC AI Recorder] TCP action F=false J=false ATK=false yaw=1.5579 pitch=-0.0665 RTT=61ms
[05:40:22] [MC-AI-TCP-Inference/INFO] (Minecraft) [STDOUT]: [MC AI Recorder] TCP action F=false J=false ATK=false yaw=2.8339 pitch=0.2212 RTT=65ms
[05:40:22] [MC-AI-TCP-Inference/INFO] (Minecraft) [STDOUT]: [MC AI Recorder] TCP action F=false J=false ATK=false yaw=2.0247 pitch=0.1749 RTT=61ms
[05:40:22] [MC-AI-TCP-Inference/INFO] (Minecraft) [STDOUT]: [MC AI Recorder] TCP action F=false J=false ATK=false yaw=2.5609 pitch=0.226 RTT=64ms
[05:40:22] [MC-AI-TCP-Inference/INFO] (Minecraft) [STDOUT]: [MC AI Recorder] TCP action F=false J=false ATK=false yaw=2.8033 pitch=0.2023 RTT=69ms
[05:40:23] [MC-AI-TCP-Inference/INFO] (Minecraft) [STDOUT]: [MC AI Recorder] TCP action F=false J=false ATK=false yaw=2.5156 pitch=0.1422 RTT=69ms
[05:40:23] [MC-AI-TCP-Inference/INFO] (Minecraft) [STDOUT]: [MC AI Recorder] TCP action F=false J=false ATK=false yaw=1.8853 pitch=-0.0876 RTT=64ms
[05:40:23] [MC-AI-TCP-Inference/INFO] (Minecraft) [STDOUT]: [MC AI Recorder] TCP action F=false J=false ATK=false yaw=1.3774 pitch=-0.2915 RTT=63ms
[05:40:23] [MC-AI-TCP-Inference/INFO] (Minecraft) [STDOUT]: [MC AI Recorder] TCP action F=false J=false ATK=false yaw=0.9693 pitch=-0.3142 RTT=60ms
[05:40:23] [MC-AI-TCP-Inference/INFO] (Minecraft) [STDOUT]: [MC AI Recorder] TCP action F=false J=false ATK=false yaw=1.5427 pitch=-0.1038 RTT=73ms
[05:40:24] [MC-AI-TCP-Inference/INFO] (Minecraft) [STDOUT]: [MC AI Recorder] TCP action F=false J=false ATK=false yaw=1.6955 pitch=-0.109 RTT=66ms
[05:40:24] [MC-AI-TCP-Inference/INFO] (Minecraft) [STDOUT]: [MC AI Recorder] TCP action F=false J=false ATK=false yaw=2.0607 pitch=0.0124 RTT=67ms
[05:40:24] [MC-AI-TCP-Inference/INFO] (Minecraft) [STDOUT]: [MC AI Recorder] TCP action F=false J=false ATK=false yaw=2.4275 pitch=0.1692 RTT=60ms
[05:40:24] [MC-AI-TCP-Inference/INFO] (Minecraft) [STDOUT]: [MC AI Recorder] TCP action F=false J=false ATK=false yaw=2.7785 pitch=0.1448 RTT=63ms
[05:40:24] [MC-AI-TCP-Inference/INFO] (Minecraft) [STDOUT]: [MC AI Recorder] TCP action F=false J=false ATK=false yaw=2.4374 pitch=0.0425 RTT=71ms
[05:40:25] [MC-AI-TCP-Inference/INFO] (Minecraft) [STDOUT]: [MC AI Recorder] TCP action F=false J=false ATK=false yaw=2.841 pitch=0.0271 RTT=72ms
[05:40:25] [MC-AI-TCP-Inference/INFO] (Minecraft) [STDOUT]: [MC AI Recorder] TCP action F=false J=false ATK=false yaw=2.4805 pitch=0.1122 RTT=68ms
[05:40:25] [MC-AI-TCP-Inference/INFO] (Minecraft) [STDOUT]: [MC AI Recorder] TCP action F=false J=false ATK=false yaw=2.0597 pitch=-0.0129 RTT=66ms
[05:40:25] [MC-AI-TCP-Inference/INFO] (Minecraft) [STDOUT]: [MC AI Recorder] TCP action F=false J=false ATK=false yaw=2.1418 pitch=0.0583 RTT=61ms
[05:40:25] [MC-AI-TCP-Inference/INFO] (Minecraft) [STDOUT]: [MC AI Recorder] TCP action F=false J=false ATK=false yaw=1.8106 pitch=0.0414 RTT=63ms
[05:40:26] [MC-AI-TCP-Inference/INFO] (Minecraft) [STDOUT]: [MC AI Recorder] TCP action F=false J=false ATK=false yaw=1.6223 pitch=0.1414 RTT=75ms
[05:40:26] [MC-AI-TCP-Inference/INFO] (Minecraft) [STDOUT]: [MC AI Recorder] TCP action F=false J=false ATK=false yaw=1.7116 pitch=0.1626 RTT=67ms
[05:40:26] [MC-AI-TCP-Inference/INFO] (Minecraft) [STDOUT]: [MC AI Recorder] TCP action F=false J=true ATK=false yaw=1.5684 pitch=0.1925 RTT=66ms
[05:40:26] [MC-AI-TCP-Inference/INFO] (Minecraft) [STDOUT]: [MC AI Recorder] TCP action F=false J=true ATK=false yaw=1.512 pitch=0.0633 RTT=68ms
[05:40:26] [MC-AI-TCP-Inference/INFO] (Minecraft) [STDOUT]: [MC AI Recorder] TCP action F=false J=true ATK=false yaw=2.4331 pitch=0.2105 RTT=62ms
[05:40:27] [MC-AI-TCP-Inference/INFO] (Minecraft) [STDOUT]: [MC AI Recorder] TCP action F=false J=true ATK=false yaw=1.6234 pitch=0.0564 RTT=61ms
[05:40:27] [MC-AI-TCP-Inference/INFO] (Minecraft) [STDOUT]: [MC AI Recorder] TCP action F=false J=true ATK=false yaw=2.0572 pitch=0.0729 RTT=72ms
[05:40:27] [MC-AI-TCP-Inference/INFO] (Minecraft) [STDOUT]: [MC AI Recorder] TCP action F=false J=true ATK=false yaw=3.4383 pitch=0.5517 RTT=72ms
[05:40:27] [MC-AI-TCP-Inference/INFO] (Minecraft) [STDOUT]: [MC AI Recorder] TCP action F=false J=true ATK=false yaw=3.564 pitch=0.4374 RTT=69ms
[05:40:27] [MC-AI-TCP-Inference/INFO] (Minecraft) [STDOUT]: [MC AI Recorder] TCP action F=false J=false ATK=false yaw=2.6188 pitch=0.3938 RTT=64ms
[05:40:28] [MC-AI-TCP-Inference/INFO] (Minecraft) [STDOUT]: [MC AI Recorder] TCP action F=false J=true ATK=false yaw=1.7237 pitch=-0.0363 RTT=74ms
[05:40:28] [MC-AI-TCP-Inference/INFO] (Minecraft) [STDOUT]: [MC AI Recorder] TCP action F=false J=false ATK=false yaw=2.4687 pitch=0.2246 RTT=66ms
[05:40:28] [MC-AI-TCP-Inference/INFO] (Minecraft) [STDOUT]: [MC AI Recorder] TCP action F=true J=true ATK=false yaw=2.9853 pitch=0.2055 RTT=73ms
[05:40:28] [MC-AI-TCP-Inference/INFO] (Minecraft) [STDOUT]: [MC AI Recorder] TCP action F=true J=true ATK=false yaw=1.6441 pitch=-0.0109 RTT=65ms
[05:40:28] [MC-AI-TCP-Inference/INFO] (Minecraft) [STDOUT]: [MC AI Recorder] TCP action F=false J=true ATK=false yaw=2.2183 pitch=0.2223 RTT=66ms
[05:40:29] [MC-AI-TCP-Inference/INFO] (Minecraft) [STDOUT]: [MC AI Recorder] TCP action F=false J=true ATK=false yaw=1.6839 pitch=0.2613 RTT=73ms
[05:40:29] [MC-AI-TCP-Inference/INFO] (Minecraft) [STDOUT]: [MC AI Recorder] TCP action F=true J=true ATK=false yaw=3.0204 pitch=0.4356 RTT=64ms
[05:40:29] [MC-AI-TCP-Inference/INFO] (Minecraft) [STDOUT]: [MC AI Recorder] TCP action F=true J=true ATK=false yaw=2.5686 pitch=0.2935 RTT=73ms
[05:40:30] [MC-AI-TCP-Inference/INFO] (Minecraft) [STDOUT]: [MC AI Recorder] TCP action F=true J=false ATK=false yaw=1.2374 pitch=-0.1592 RTT=67ms
[05:40:30] [MC-AI-TCP-Inference/INFO] (Minecraft) [STDOUT]: [MC AI Recorder] TCP action F=false J=false ATK=false yaw=1.3583 pitch=-0.1151 RTT=67ms
[05:40:30] [MC-AI-TCP-Inference/INFO] (Minecraft) [STDOUT]: [MC AI Recorder] TCP action F=false J=false ATK=false yaw=0.8718 pitch=-0.2695 RTT=61ms
[05:40:30] [MC-AI-TCP-Inference/INFO] (Minecraft) [STDOUT]: [MC AI Recorder] TCP action F=false J=false ATK=false yaw=1.2033 pitch=-0.2157 RTT=71ms
[05:40:31] [MC-AI-TCP-Inference/INFO] (Minecraft) [STDOUT]: [MC AI Recorder] TCP action F=false J=false ATK=false yaw=1.1327 pitch=-0.2713 RTT=75ms
[05:40:31] [MC-AI-TCP-Inference/INFO] (Minecraft) [STDOUT]: [MC AI Recorder] TCP action F=false J=false ATK=false yaw=1.2299 pitch=-0.2662 RTT=71ms
[05:40:31] [MC-AI-TCP-Inference/INFO] (Minecraft) [STDOUT]: [MC AI Recorder] TCP action F=false J=false ATK=false yaw=1.499 pitch=-0.2507 RTT=73ms
[05:40:31] [MC-AI-TCP-Inference/INFO] (Minecraft) [STDOUT]: [MC AI Recorder] TCP action F=false J=false ATK=false yaw=1.2242 pitch=-0.2879 RTT=66ms
[05:40:31] [MC-AI-TCP-Inference/INFO] (Minecraft) [STDOUT]: [MC AI Recorder] TCP action F=false J=false ATK=false yaw=1.0627 pitch=-0.3442 RTT=76ms
[05:40:32] [MC-AI-TCP-Inference/INFO] (Minecraft) [STDOUT]: [MC AI Recorder] TCP action F=false J=false ATK=false yaw=0.6877 pitch=-0.5001 RTT=66ms
[05:40:32] [MC-AI-TCP-Inference/INFO] (Minecraft) [STDOUT]: [MC AI Recorder] TCP action F=false J=false ATK=false yaw=0.9275 pitch=-0.3929 RTT=74ms
[05:40:32] [MC-AI-TCP-Inference/INFO] (Minecraft) [STDOUT]: [MC AI Recorder] TCP action F=false J=false ATK=false yaw=1.2625 pitch=-0.2966 RTT=60ms
[05:40:32] [MC-AI-TCP-Inference/INFO] (Minecraft) [STDOUT]: [MC AI Recorder] TCP action F=false J=false ATK=false yaw=0.9314 pitch=-0.3645 RTT=63ms
[05:40:32] [MC-AI-TCP-Inference/INFO] (Minecraft) [STDOUT]: [MC AI Recorder] TCP action F=false J=false ATK=false yaw=0.8238 pitch=-0.3059 RTT=65ms
[05:40:33] [MC-AI-TCP-Inference/INFO] (Minecraft) [STDOUT]: [MC AI Recorder] TCP action F=false J=true ATK=false yaw=0.9134 pitch=-0.2424 RTT=71ms
[05:40:33] [MC-AI-TCP-Inference/INFO] (Minecraft) [STDOUT]: [MC AI Recorder] TCP action F=true J=true ATK=false yaw=2.0542 pitch=0.0692 RTT=62ms
[05:40:33] [MC-AI-TCP-Inference/INFO] (Minecraft) [STDOUT]: [MC AI Recorder] TCP action F=false J=true ATK=false yaw=1.9009 pitch=0.2238 RTT=64ms
[05:40:33] [MC-AI-TCP-Inference/INFO] (Minecraft) [STDOUT]: [MC AI Recorder] TCP action F=false J=true ATK=false yaw=1.7613 pitch=0.0964 RTT=65ms
[05:40:33] [MC-AI-TCP-Inference/INFO] (Minecraft) [STDOUT]: [MC AI Recorder] TCP action F=false J=false ATK=false yaw=1.3926 pitch=-0.0193 RTT=75ms
[05:40:34] [MC-AI-TCP-Inference/INFO] (Minecraft) [STDOUT]: [MC AI Recorder] TCP action F=false J=true ATK=false yaw=2.616 pitch=0.277 RTT=66ms
[05:40:34] [MC-AI-TCP-Inference/INFO] (Minecraft) [STDOUT]: [MC AI Recorder] TCP action F=false J=true ATK=false yaw=1.987 pitch=0.2281 RTT=68ms
[05:40:34] [MC-AI-TCP-Inference/INFO] (Minecraft) [STDOUT]: [MC AI Recorder] TCP action F=false J=true ATK=false yaw=1.3593 pitch=0.016 RTT=63ms
[05:40:34] [MC-AI-TCP-Inference/INFO] (Minecraft) [STDOUT]: [MC AI Recorder] TCP action F=false J=true ATK=false yaw=3.0222 pitch=0.3489 RTT=72ms
[05:40:34] [MC-AI-TCP-Inference/INFO] (Minecraft) [STDOUT]: [MC AI Recorder] TCP action F=false J=true ATK=false yaw=2.2 pitch=0.3221 RTT=64ms
[05:40:35] [MC-AI-TCP-Inference/INFO] (Minecraft) [STDOUT]: [MC AI Recorder] TCP action F=false J=true ATK=false yaw=2.5949 pitch=0.2572 RTT=72ms
[05:40:35] [MC-AI-TCP-Inference/INFO] (Minecraft) [STDOUT]: [MC AI Recorder] TCP action F=false J=true ATK=false yaw=1.7882 pitch=0.1102 RTT=61ms
[05:40:35] [MC-AI-TCP-Inference/INFO] (Minecraft) [STDOUT]: [MC AI Recorder] TCP action F=false J=true ATK=false yaw=1.7635 pitch=-0.0341 RTT=69ms
[05:40:35] [MC-AI-TCP-Inference/INFO] (Minecraft) [STDOUT]: [MC AI Recorder] TCP action F=false J=false ATK=false yaw=1.5524 pitch=-0.206 RTT=65ms
[05:40:35] [MC-AI-TCP-Inference/INFO] (Minecraft) [STDOUT]: [MC AI Recorder] TCP action F=false J=true ATK=false yaw=1.3534 pitch=-0.0764 RTT=75ms
[05:40:36] [MC-AI-TCP-Inference/INFO] (Minecraft) [STDOUT]: [MC AI Recorder] TCP action F=false J=false ATK=false yaw=0.5651 pitch=-0.2537 RTT=73ms
[05:40:36] [MC-AI-TCP-Inference/INFO] (Minecraft) [STDOUT]: [MC AI Recorder] TCP action F=false J=false ATK=false yaw=2.7437 pitch=0.1917 RTT=63ms
[05:40:36] [MC-AI-TCP-Inference/INFO] (Minecraft) [STDOUT]: [MC AI Recorder] TCP action F=false J=false ATK=false yaw=2.4456 pitch=0.099 RTT=61ms
[05:40:36] [MC-AI-TCP-Inference/INFO] (Minecraft) [STDOUT]: [MC AI Recorder] TCP action F=false J=false ATK=false yaw=2.6293 pitch=0.0276 RTT=69ms
[05:40:36] [MC-AI-TCP-Inference/INFO] (Minecraft) [STDOUT]: [MC AI Recorder] TCP action F=true J=true ATK=false yaw=1.8338 pitch=-0.0867 RTT=74ms
[05:40:37] [MC-AI-TCP-Inference/INFO] (Minecraft) [STDOUT]: [MC AI Recorder] TCP action F=true J=false ATK=false yaw=1.8718 pitch=-0.0501 RTT=60ms
[05:40:37] [MC-AI-TCP-Inference/INFO] (Minecraft) [STDOUT]: [MC AI Recorder] TCP action F=false J=false ATK=false yaw=2.0861 pitch=-0.0869 RTT=68ms
[05:40:37] [MC-AI-TCP-Inference/INFO] (Minecraft) [STDOUT]: [MC AI Recorder] TCP action F=false J=false ATK=false yaw=2.589 pitch=0.1971 RTT=63ms
[05:40:37] [MC-AI-TCP-Inference/INFO] (Minecraft) [STDOUT]: [MC AI Recorder] TCP action F=false J=false ATK=false yaw=1.7732 pitch=-0.0125 RTT=71ms
[05:40:37] [MC-AI-TCP-Inference/INFO] (Minecraft) [STDOUT]: [MC AI Recorder] TCP action F=false J=false ATK=false yaw=2.2554 pitch=0.1214 RTT=73ms
[05:40:38] [MC-AI-TCP-Inference/INFO] (Minecraft) [STDOUT]: [MC AI Recorder] TCP action F=false J=false ATK=false yaw=1.6765 pitch=-0.0061 RTT=68ms
[05:40:38] [MC-AI-TCP-Inference/INFO] (Minecraft) [STDOUT]: [MC AI Recorder] TCP action F=false J=true ATK=false yaw=1.6847 pitch=-0.0432 RTT=66ms
[05:40:38] [MC-AI-TCP-Inference/INFO] (Minecraft) [STDOUT]: [MC AI Recorder] TCP action F=false J=false ATK=false yaw=1.9195 pitch=-0.1033 RTT=67ms
[05:40:38] [MC-AI-TCP-Inference/INFO] (Minecraft) [STDOUT]: [MC AI Recorder] TCP action F=false J=false ATK=false yaw=2.2874 pitch=0.1091 RTT=68ms
[05:40:38] [MC-AI-TCP-Inference/INFO] (Minecraft) [STDOUT]: [MC AI Recorder] TCP action F=false J=false ATK=false yaw=2.6042 pitch=0.1084 RTT=62ms
[05:40:39] [MC-AI-TCP-Inference/INFO] (Minecraft) [STDOUT]: [MC AI Recorder] TCP action F=false J=false ATK=false yaw=1.8551 pitch=0.0541 RTT=65ms
[05:40:39] [MC-AI-TCP-Inference/INFO] (Minecraft) [STDOUT]: [MC AI Recorder] TCP action F=false J=false ATK=false yaw=1.5788 pitch=0.0098 RTT=74ms
[05:40:39] [MC-AI-TCP-Inference/INFO] (Minecraft) [STDOUT]: [MC AI Recorder] TCP action F=false J=false ATK=false yaw=1.6523 pitch=0.0061 RTT=69ms
[05:40:39] [MC-AI-TCP-Inference/INFO] (Minecraft) [STDOUT]: [MC AI Recorder] TCP action F=false J=false ATK=false yaw=1.5405 pitch=-0.0764 RTT=65ms
[05:40:39] [MC-AI-TCP-Inference/INFO] (Minecraft) [STDOUT]: [MC AI Recorder] TCP action F=false J=false ATK=false yaw=1.2635 pitch=-0.1052 RTT=59ms
[05:40:40] [MC-AI-TCP-Inference/INFO] (Minecraft) [STDOUT]: [MC AI Recorder] TCP action F=false J=false ATK=false yaw=1.7393 pitch=-0.0253 RTT=70ms
[05:40:40] [MC-AI-TCP-Inference/INFO] (Minecraft) [STDOUT]: [MC AI Recorder] TCP action F=false J=false ATK=false yaw=1.526 pitch=-0.0127 RTT=72ms
[05:40:40] [MC-AI-TCP-Inference/INFO] (Minecraft) [STDOUT]: [MC AI Recorder] TCP action F=false J=false ATK=false yaw=2.2886 pitch=0.1366 RTT=68ms
[05:40:40] [MC-AI-TCP-Inference/INFO] (Minecraft) [STDOUT]: [MC AI Recorder] TCP action F=false J=false ATK=false yaw=1.9954 pitch=0.0681 RTT=60ms
[05:40:40] [MC-AI-TCP-Inference/INFO] (Minecraft) [STDOUT]: [MC AI Recorder] TCP action F=false J=true ATK=false yaw=1.5484 pitch=0.1148 RTT=67ms
[05:40:41] [MC-AI-TCP-Inference/INFO] (Minecraft) [STDOUT]: [MC AI Recorder] TCP action F=false J=false ATK=false yaw=1.4351 pitch=-0.032 RTT=68ms
[05:40:41] [MC-AI-TCP-Inference/INFO] (Minecraft) [STDOUT]: [MC AI Recorder] TCP action F=false J=true ATK=false yaw=1.4682 pitch=-0.0419 RTT=75ms
[05:40:41] [MC-AI-TCP-Inference/INFO] (Minecraft) [STDOUT]: [MC AI Recorder] TCP action F=false J=true ATK=false yaw=1.2467 pitch=-0.083 RTT=71ms
[05:40:41] [MC-AI-TCP-Inference/INFO] (Minecraft) [STDOUT]: [MC AI Recorder] TCP action F=false J=false ATK=false yaw=1.5288 pitch=0.0158 RTT=65ms
[05:40:41] [MC-AI-TCP-Inference/INFO] (Minecraft) [STDOUT]: [MC AI Recorder] TCP action F=false J=true ATK=false yaw=0.8637 pitch=-0.1674 RTT=67ms
[05:40:42] [MC-AI-TCP-Inference/INFO] (Minecraft) [STDOUT]: [MC AI Recorder] TCP action F=false J=false ATK=false yaw=1.4632 pitch=0.107 RTT=67ms
[05:40:42] [MC-AI-TCP-Inference/INFO] (Minecraft) [STDOUT]: [MC AI Recorder] TCP action F=false J=true ATK=false yaw=1.9147 pitch=0.1348 RTT=61ms
[05:40:42] [MC-AI-TCP-Inference/INFO] (Minecraft) [STDOUT]: [MC AI Recorder] TCP action F=false J=true ATK=false yaw=1.6036 pitch=0.1661 RTT=64ms
[05:40:42] [MC-AI-TCP-Inference/INFO] (Minecraft) [STDOUT]: [MC AI Recorder] TCP action F=false J=true ATK=false yaw=2.0154 pitch=0.1442 RTT=72ms
[05:40:42] [MC-AI-TCP-Inference/INFO] (Minecraft) [STDOUT]: [MC AI Recorder] TCP action F=false J=true ATK=false yaw=1.7849 pitch=0.1801 RTT=64ms
[05:40:43] [MC-AI-TCP-Inference/INFO] (Minecraft) [STDOUT]: [MC AI Recorder] TCP action F=false J=true ATK=false yaw=0.8267 pitch=-0.0056 RTT=73ms
[05:40:43] [MC-AI-TCP-Inference/INFO] (Minecraft) [STDOUT]: [MC AI Recorder] TCP action F=false J=false ATK=false yaw=1.1804 pitch=0.0276 RTT=66ms
[05:40:43] [MC-AI-TCP-Inference/INFO] (Minecraft) [STDOUT]: [MC AI Recorder] TCP action F=false J=true ATK=false yaw=3.1175 pitch=0.4622 RTT=71ms
[05:40:43] [MC-AI-TCP-Inference/INFO] (Minecraft) [STDOUT]: [MC AI Recorder] TCP action F=false J=true ATK=false yaw=2.4671 pitch=0.3624 RTT=64ms
[05:40:43] [MC-AI-TCP-Inference/INFO] (Minecraft) [STDOUT]: [MC AI Recorder] TCP action F=false J=false ATK=false yaw=2.3595 pitch=0.3572 RTT=73ms
[05:40:44] [MC-AI-TCP-Inference/INFO] (Minecraft) [STDOUT]: [MC AI Recorder] TCP action F=false J=true ATK=false yaw=2.7267 pitch=0.3996 RTT=65ms
[05:40:44] [MC-AI-TCP-Inference/INFO] (Minecraft) [STDOUT]: [MC AI Recorder] TCP action F=false J=false ATK=false yaw=3.0823 pitch=0.5409 RTT=69ms
[05:40:44] [MC-AI-TCP-Inference/INFO] (Minecraft) [STDOUT]: [MC AI Recorder] TCP action F=true J=true ATK=false yaw=3.1005 pitch=0.4056 RTT=64ms
[05:40:44] [MC-AI-TCP-Inference/INFO] (Minecraft) [STDOUT]: [MC AI Recorder] TCP action F=false J=false ATK=false yaw=2.3217 pitch=0.4079 RTT=68ms
[05:40:44] [MC-AI-TCP-Inference/INFO] (Minecraft) [STDOUT]: [MC AI Recorder] TCP action F=true J=true ATK=false yaw=3.6122 pitch=0.5196 RTT=73ms
[05:40:45] [MC-AI-TCP-Inference/INFO] (Minecraft) [STDOUT]: [MC AI Recorder] TCP action F=false J=true ATK=false yaw=3.0453 pitch=0.5044 RTT=76ms
[05:40:45] [MC-AI-TCP-Inference/INFO] (Minecraft) [STDOUT]: [MC AI Recorder] TCP action F=false J=false ATK=false yaw=2.4958 pitch=0.3885 RTT=71ms
[05:40:45] [MC-AI-TCP-Inference/INFO] (Minecraft) [STDOUT]: [MC AI Recorder] TCP action F=false J=true ATK=false yaw=2.7918 pitch=0.4159 RTT=65ms
[05:40:45] [MC-AI-TCP-Inference/INFO] (Minecraft) [STDOUT]: [MC AI Recorder] TCP action F=false J=true ATK=false yaw=2.4623 pitch=0.325 RTT=74ms
[05:40:45] [MC-AI-TCP-Inference/INFO] (Minecraft) [STDOUT]: [MC AI Recorder] TCP action F=false J=true ATK=false yaw=2.4027 pitch=0.3883 RTT=65ms
[05:40:46] [MC-AI-TCP-Inference/INFO] (Minecraft) [STDOUT]: [MC AI Recorder] TCP action F=false J=true ATK=false yaw=2.9924 pitch=0.5195 RTT=66ms
[05:40:46] [MC-AI-TCP-Inference/INFO] (Minecraft) [STDOUT]: [MC AI Recorder] TCP action F=false J=true ATK=false yaw=1.4453 pitch=0.137 RTT=62ms
[05:40:47] [MC-AI-TCP-Inference/INFO] (Minecraft) [STDOUT]: [MC AI Recorder] TCP action F=false J=true ATK=false yaw=2.936 pitch=0.4212 RTT=63ms
[05:40:47] [MC-AI-TCP-Inference/INFO] (Minecraft) [STDOUT]: [MC AI Recorder] TCP action F=false J=true ATK=false yaw=2.759 pitch=0.3403 RTT=74ms
[05:40:47] [MC-AI-TCP-Inference/INFO] (Minecraft) [STDOUT]: [MC AI Recorder] TCP action F=false J=true ATK=false yaw=1.4826 pitch=0.22 RTT=68ms
[05:40:47] [MC-AI-TCP-Inference/INFO] (Minecraft) [STDOUT]: [MC AI Recorder] TCP action F=false J=true ATK=false yaw=2.8971 pitch=0.3902 RTT=61ms
[05:40:47] [MC-AI-TCP-Inference/INFO] (Minecraft) [STDOUT]: [MC AI Recorder] TCP action F=false J=true ATK=false yaw=2.9559 pitch=0.4907 RTT=68ms
[05:40:48] [MC-AI-TCP-Inference/INFO] (Minecraft) [STDOUT]: [MC AI Recorder] TCP action F=false J=true ATK=false yaw=1.5927 pitch=0.2297 RTT=64ms
[05:40:48] [MC-AI-TCP-Inference/INFO] (Minecraft) [STDOUT]: [MC AI Recorder] TCP action F=false J=true ATK=false yaw=2.9406 pitch=0.3949 RTT=67ms
[05:40:48] [MC-AI-TCP-Inference/INFO] (Minecraft) [STDOUT]: [MC AI Recorder] TCP action F=false J=true ATK=false yaw=1.9157 pitch=0.2836 RTT=64ms
[05:40:48] [MC-AI-TCP-Inference/INFO] (Minecraft) [STDOUT]: [MC AI Recorder] TCP action F=false J=true ATK=false yaw=1.9779 pitch=0.304 RTT=60ms
[05:40:48] [MC-AI-TCP-Inference/INFO] (Minecraft) [STDOUT]: [MC AI Recorder] TCP action F=false J=true ATK=false yaw=2.7649 pitch=0.3231 RTT=62ms
[05:40:49] [MC-AI-TCP-Inference/INFO] (Minecraft) [STDOUT]: [MC AI Recorder] TCP action F=false J=true ATK=false yaw=2.6864 pitch=0.4017 RTT=72ms
[05:40:49] [MC-AI-TCP-Inference/INFO] (Minecraft) [STDOUT]: [MC AI Recorder] TCP action F=false J=true ATK=false yaw=1.5354 pitch=0.0973 RTT=68ms
[05:40:49] [MC-AI-TCP-Inference/INFO] (Minecraft) [STDOUT]: [MC AI Recorder] TCP action F=false J=true ATK=false yaw=2.6301 pitch=0.3277 RTT=69ms
[05:40:49] [MC-AI-TCP-Inference/INFO] (Minecraft) [STDOUT]: [MC AI Recorder] TCP action F=false J=true ATK=false yaw=1.8903 pitch=0.2045 RTT=61ms
[05:40:49] [MC-AI-TCP-Inference/INFO] (Minecraft) [STDOUT]: [MC AI Recorder] TCP action F=false J=true ATK=false yaw=1.8683 pitch=0.3196 RTT=65ms
[05:40:50] [MC-AI-TCP-Inference/INFO] (Minecraft) [STDOUT]: [MC AI Recorder] TCP action F=false J=true ATK=false yaw=2.3847 pitch=0.3795 RTT=59ms
[05:40:50] [MC-AI-TCP-Inference/INFO] (Minecraft) [STDOUT]: [MC AI Recorder] TCP action F=false J=true ATK=false yaw=1.9224 pitch=0.269 RTT=63ms
[05:40:50] [Render thread/INFO] (Minecraft) [System] [CHAT] [MC AI Recorder] TCP inference: OFF
[05:40:51] [Render thread/INFO] (Minecraft) [System] [CHAT] [MC AI Recorder] TCP inference: ON
[05:40:51] [MC-AI-TCP-Inference/INFO] (Minecraft) [STDOUT]: [MC AI] Connecting to 192.168.0.11:5005
[05:40:51] [MC-AI-TCP-Inference/INFO] (Minecraft) [STDOUT]: [MC AI] Connected!
[05:40:51] [MC-AI-TCP-Inference/INFO] (Minecraft) [STDOUT]: [MC AI Recorder] TCP action F=false J=false ATK=false yaw=0.896 pitch=0.0464 RTT=66ms
[05:40:52] [MC-AI-TCP-Inference/INFO] (Minecraft) [STDOUT]: [MC AI Recorder] TCP action F=false J=false ATK=false yaw=3.0968 pitch=0.448 RTT=61ms
[05:40:52] [MC-AI-TCP-Inference/INFO] (Minecraft) [STDOUT]: [MC AI Recorder] TCP action F=false J=false ATK=false yaw=1.4206 pitch=0.0105 RTT=72ms
[05:40:52] [MC-AI-TCP-Inference/INFO] (Minecraft) [STDOUT]: [MC AI Recorder] TCP action F=false J=false ATK=false yaw=1.1559 pitch=-0.0202 RTT=72ms
[05:40:52] [MC-AI-TCP-Inference/INFO] (Minecraft) [STDOUT]: [MC AI Recorder] TCP action F=false J=false ATK=false yaw=1.9067 pitch=0.0649 RTT=65ms
[05:40:52] [MC-AI-TCP-Inference/INFO] (Minecraft) [STDOUT]: [MC AI Recorder] TCP action F=false J=false ATK=false yaw=2.3662 pitch=0.2067 RTT=106ms
[05:40:53] [MC-AI-TCP-Inference/INFO] (Minecraft) [STDOUT]: [MC AI Recorder] TCP action F=false J=false ATK=false yaw=1.8886 pitch=0.1826 RTT=63ms
[05:40:53] [MC-AI-TCP-Inference/INFO] (Minecraft) [STDOUT]: [MC AI Recorder] TCP action F=false J=false ATK=false yaw=1.9934 pitch=0.13 RTT=74ms
[05:40:53] [MC-AI-TCP-Inference/INFO] (Minecraft) [STDOUT]: [MC AI Recorder] TCP action F=false J=false ATK=false yaw=2.101 pitch=0.2564 RTT=66ms
[05:40:53] [MC-AI-TCP-Inference/INFO] (Minecraft) [STDOUT]: [MC AI Recorder] TCP action F=false J=false ATK=false yaw=2.2981 pitch=0.3004 RTT=69ms
[05:40:53] [MC-AI-TCP-Inference/INFO] (Minecraft) [STDOUT]: [MC AI Recorder] TCP action F=false J=false ATK=false yaw=1.5071 pitch=0.1413 RTT=65ms
[05:40:54] [MC-AI-TCP-Inference/INFO] (Minecraft) [STDOUT]: [MC AI Recorder] TCP action F=false J=false ATK=false yaw=0.9187 pitch=-0.0334 RTT=67ms
[05:40:54] [MC-AI-TCP-Inference/INFO] (Minecraft) [STDOUT]: [MC AI Recorder] TCP action F=false J=false ATK=false yaw=1.2603 pitch=-0.0271 RTT=63ms
[05:40:54] [MC-AI-TCP-Inference/INFO] (Minecraft) [STDOUT]: [MC AI Recorder] TCP action F=false J=false ATK=false yaw=1.7936 pitch=0.1441 RTT=72ms
[05:40:54] [MC-AI-TCP-Inference/INFO] (Minecraft) [STDOUT]: [MC AI Recorder] TCP action F=false J=false ATK=false yaw=0.8086 pitch=-0.037 RTT=59ms
[05:40:54] [MC-AI-TCP-Inference/INFO] (Minecraft) [STDOUT]: [MC AI Recorder] TCP action F=false J=false ATK=false yaw=1.7014 pitch=0.1664 RTT=70ms
[05:40:55] [MC-AI-TCP-Inference/INFO] (Minecraft) [STDOUT]: [MC AI Recorder] TCP action F=false J=false ATK=false yaw=1.1949 pitch=0.0382 RTT=64ms
[05:40:55] [MC-AI-TCP-Inference/INFO] (Minecraft) [STDOUT]: [MC AI Recorder] TCP action F=false J=false ATK=false yaw=1.1956 pitch=0.0573 RTT=68ms
[05:40:55] [MC-AI-TCP-Inference/INFO] (Minecraft) [STDOUT]: [MC AI Recorder] TCP action F=false J=false ATK=false yaw=1.6432 pitch=0.1715 RTT=61ms
[05:40:55] [MC-AI-TCP-Inference/INFO] (Minecraft) [STDOUT]: [MC AI Recorder] TCP action F=false J=false ATK=false yaw=1.8505 pitch=0.189 RTT=64ms
[05:40:55] [MC-AI-TCP-Inference/INFO] (Minecraft) [STDOUT]: [MC AI Recorder] TCP action F=false J=false ATK=false yaw=1.0026 pitch=0.0082 RTT=74ms
[05:40:56] [MC-AI-TCP-Inference/INFO] (Minecraft) [STDOUT]: [MC AI Recorder] TCP action F=false J=false ATK=false yaw=1.4418 pitch=0.0947 RTT=61ms
[05:40:56] [MC-AI-TCP-Inference/INFO] (Minecraft) [STDOUT]: [MC AI Recorder] TCP action F=false J=false ATK=false yaw=0.8787 pitch=0.0112 RTT=69ms
[05:40:56] [MC-AI-TCP-Inference/INFO] (Minecraft) [STDOUT]: [MC AI Recorder] TCP action F=false J=false ATK=false yaw=0.5073 pitch=-0.0572 RTT=73ms
[05:40:56] [MC-AI-TCP-Inference/INFO] (Minecraft) [STDOUT]: [MC AI Recorder] TCP action F=false J=false ATK=false yaw=1.359 pitch=0.0855 RTT=65ms
[05:40:56] [MC-AI-TCP-Inference/INFO] (Minecraft) [STDOUT]: [MC AI Recorder] TCP action F=false J=false ATK=false yaw=0.2744 pitch=-0.0467 RTT=60ms
[05:40:57] [MC-AI-TCP-Inference/INFO] (Minecraft) [STDOUT]: [MC AI Recorder] TCP action F=false J=false ATK=false yaw=0.6083 pitch=-0.163 RTT=62ms
[05:40:57] [MC-AI-TCP-Inference/INFO] (Minecraft) [STDOUT]: [MC AI Recorder] TCP action F=false J=false ATK=false yaw=0.8693 pitch=-0.042 RTT=72ms
[05:40:57] [MC-AI-TCP-Inference/INFO] (Minecraft) [STDOUT]: [MC AI Recorder] TCP action F=false J=false ATK=false yaw=0.9794 pitch=-0.0312 RTT=62ms
[05:40:57] [MC-AI-TCP-Inference/INFO] (Minecraft) [STDOUT]: [MC AI Recorder] TCP action F=false J=false ATK=false yaw=0.4852 pitch=-0.0901 RTT=71ms
[05:40:57] [MC-AI-TCP-Inference/INFO] (Minecraft) [STDOUT]: [MC AI Recorder] TCP action F=false J=false ATK=false yaw=0.5351 pitch=-0.1479 RTT=71ms
[05:40:58] [MC-AI-TCP-Inference/INFO] (Minecraft) [STDOUT]: [MC AI Recorder] TCP action F=false J=false ATK=false yaw=0.3893 pitch=-0.1459 RTT=67ms
[05:40:58] [MC-AI-TCP-Inference/INFO] (Minecraft) [STDOUT]: [MC AI Recorder] TCP action F=false J=false ATK=false yaw=0.5478 pitch=-0.1283 RTT=61ms
[05:40:58] [MC-AI-TCP-Inference/INFO] (Minecraft) [STDOUT]: [MC AI Recorder] TCP action F=false J=false ATK=false yaw=0.273 pitch=-0.1532 RTT=65ms
[05:40:58] [MC-AI-TCP-Inference/INFO] (Minecraft) [STDOUT]: [MC AI Recorder] TCP action F=false J=false ATK=false yaw=0.2471 pitch=-0.2043 RTT=60ms
[05:40:58] [MC-AI-TCP-Inference/INFO] (Minecraft) [STDOUT]: [MC AI Recorder] TCP action F=false J=false ATK=false yaw=0.2928 pitch=-0.1751 RTT=68ms
[05:40:59] [MC-AI-TCP-Inference/INFO] (Minecraft) [STDOUT]: [MC AI Recorder] TCP action F=false J=false ATK=false yaw=-0.1025 pitch=-0.2975 RTT=71ms
[05:40:59] [MC-AI-TCP-Inference/INFO] (Minecraft) [STDOUT]: [MC AI Recorder] TCP action F=false J=false ATK=false yaw=0.877 pitch=-0.0866 RTT=72ms
[05:40:59] [MC-AI-TCP-Inference/INFO] (Minecraft) [STDOUT]: [MC AI Recorder] TCP action F=false J=false ATK=false yaw=0.5242 pitch=-0.1135 RTT=67ms
[05:40:59] [MC-AI-TCP-Inference/INFO] (Minecraft) [STDOUT]: [MC AI Recorder] TCP action F=false J=false ATK=false yaw=1.6696 pitch=0.1553 RTT=68ms
[05:40:59] [MC-AI-TCP-Inference/INFO] (Minecraft) [STDOUT]: [MC AI Recorder] TCP action F=false J=false ATK=false yaw=2.6454 pitch=0.2801 RTT=61ms
[05:41:00] [MC-AI-TCP-Inference/INFO] (Minecraft) [STDOUT]: [MC AI Recorder] TCP action F=false J=false ATK=false yaw=1.1295 pitch=-0.0049 RTT=70ms
[05:41:00] [MC-AI-TCP-Inference/INFO] (Minecraft) [STDOUT]: [MC AI Recorder] TCP action F=false J=false ATK=false yaw=1.6858 pitch=-0.0756 RTT=66ms
[05:41:00] [MC-AI-TCP-Inference/INFO] (Minecraft) [STDOUT]: [MC AI Recorder] TCP action F=false J=false ATK=false yaw=1.5805 pitch=-0.1193 RTT=68ms
[05:41:00] [MC-AI-TCP-Inference/INFO] (Minecraft) [STDOUT]: [MC AI Recorder] TCP action F=false J=false ATK=false yaw=1.6182 pitch=-0.0659 RTT=63ms
[05:41:00] [MC-AI-TCP-Inference/INFO] (Minecraft) [STDOUT]: [MC AI Recorder] TCP action F=false J=false ATK=false yaw=1.8983 pitch=0.0207 RTT=58ms
[05:41:01] [MC-AI-TCP-Inference/INFO] (Minecraft) [STDOUT]: [MC AI Recorder] TCP action F=false J=true ATK=false yaw=2.2811 pitch=0.244 RTT=68ms
[05:41:01] [MC-AI-TCP-Inference/INFO] (Minecraft) [STDOUT]: [MC AI Recorder] TCP action F=false J=true ATK=false yaw=2.161 pitch=0.2859 RTT=64ms
[05:41:01] [MC-AI-TCP-Inference/INFO] (Minecraft) [STDOUT]: [MC AI Recorder] TCP action F=false J=true ATK=false yaw=2.6314 pitch=0.3343 RTT=67ms
[05:41:01] [MC-AI-TCP-Inference/INFO] (Minecraft) [STDOUT]: [MC AI Recorder] TCP action F=false J=true ATK=false yaw=2.5365 pitch=0.361 RTT=71ms
[05:41:01] [MC-AI-TCP-Inference/INFO] (Minecraft) [STDOUT]: [MC AI Recorder] TCP action F=false J=true ATK=false yaw=1.6857 pitch=0.1553 RTT=62ms
[05:41:02] [MC-AI-TCP-Inference/INFO] (Minecraft) [STDOUT]: [MC AI Recorder] TCP action F=false J=true ATK=false yaw=2.3539 pitch=0.2747 RTT=72ms
[05:41:02] [MC-AI-TCP-Inference/INFO] (Minecraft) [STDOUT]: [MC AI Recorder] TCP action F=false J=true ATK=false yaw=2.0463 pitch=0.3327 RTT=74ms
[05:41:02] [MC-AI-TCP-Inference/INFO] (Minecraft) [STDOUT]: [MC AI Recorder] TCP action F=false J=true ATK=false yaw=2.095 pitch=0.3098 RTT=68ms
[05:41:02] [MC-AI-TCP-Inference/INFO] (Minecraft) [STDOUT]: [MC AI Recorder] TCP action F=false J=true ATK=false yaw=2.0321 pitch=0.2312 RTT=70ms
[05:41:02] [MC-AI-TCP-Inference/INFO] (Minecraft) [STDOUT]: [MC AI Recorder] TCP action F=false J=true ATK=false yaw=1.8913 pitch=0.2757 RTT=95ms
[05:41:03] [MC-AI-TCP-Inference/INFO] (Minecraft) [STDOUT]: [MC AI Recorder] TCP action F=true J=true ATK=false yaw=2.0374 pitch=0.2331 RTT=68ms
[05:41:03] [MC-AI-TCP-Inference/INFO] (Minecraft) [STDOUT]: [MC AI Recorder] TCP action F=false J=true ATK=false yaw=2.3497 pitch=0.3702 RTT=63ms
[05:41:03] [MC-AI-TCP-Inference/INFO] (Minecraft) [STDOUT]: [MC AI Recorder] TCP action F=false J=true ATK=false yaw=2.2822 pitch=0.2898 RTT=73ms
[05:41:03] [MC-AI-TCP-Inference/INFO] (Minecraft) [STDOUT]: [MC AI Recorder] TCP action F=false J=true ATK=false yaw=2.1377 pitch=0.2871 RTT=61ms
[05:41:03] [MC-AI-TCP-Inference/INFO] (Minecraft) [STDOUT]: [MC AI Recorder] TCP action F=false J=true ATK=false yaw=2.2331 pitch=0.2635 RTT=71ms
[05:41:04] [MC-AI-TCP-Inference/INFO] (Minecraft) [STDOUT]: [MC AI Recorder] TCP action F=false J=true ATK=false yaw=2.2463 pitch=0.4056 RTT=72ms
[05:41:04] [MC-AI-TCP-Inference/INFO] (Minecraft) [STDOUT]: [MC AI Recorder] TCP action F=false J=true ATK=false yaw=2.6494 pitch=0.3652 RTT=68ms
[05:41:04] [Render thread/INFO] (Minecraft) [System] [CHAT] [MC AI Recorder] TCP inference: OFF
[05:41:04] [Render thread/INFO] (Minecraft) [System] [CHAT] [MC AI Recorder] TCP inference: ON
[05:41:05] [MC-AI-TCP-Inference/INFO] (Minecraft) [STDOUT]: [MC AI] Connecting to 192.168.0.11:5005
[05:41:05] [MC-AI-TCP-Inference/INFO] (Minecraft) [STDOUT]: [MC AI] Connected!
[05:41:05] [MC-AI-TCP-Inference/INFO] (Minecraft) [STDOUT]: [MC AI Recorder] TCP action F=false J=false ATK=false yaw=0.8669 pitch=0.0924 RTT=71ms
[05:41:05] [MC-AI-TCP-Inference/INFO] (Minecraft) [STDOUT]: [MC AI Recorder] TCP action F=false J=false ATK=false yaw=2.2499 pitch=0.3907 RTT=66ms
[05:41:05] [MC-AI-TCP-Inference/INFO] (Minecraft) [STDOUT]: [MC AI Recorder] TCP action F=false J=false ATK=false yaw=1.2162 pitch=0.1664 RTT=72ms
[05:41:05] [MC-AI-TCP-Inference/INFO] (Minecraft) [STDOUT]: [MC AI Recorder] TCP action F=false J=false ATK=false yaw=1.2488 pitch=0.0861 RTT=68ms
[05:41:05] [MC-AI-TCP-Inference/INFO] (Minecraft) [STDOUT]: [MC AI Recorder] TCP action F=false J=false ATK=false yaw=1.3933 pitch=0.136 RTT=61ms
[05:41:06] [MC-AI-TCP-Inference/INFO] (Minecraft) [STDOUT]: [MC AI Recorder] TCP action F=false J=false ATK=false yaw=1.2744 pitch=0.0476 RTT=64ms
[05:41:06] [Render thread/INFO] (Minecraft) [System] [CHAT] [MC AI Recorder] TCP inference: OFF
[05:41:06] [Render thread/INFO] (Minecraft) [System] [CHAT] [MC AI Recorder] AI control: OFF
[05:41:07] [Server thread/INFO] (Minecraft) Saving and pausing game...
[05:41:07] [Server thread/INFO] (Minecraft) Saving chunks for level 'ServerLevel[New World]'/minecraft:overworld
[05:41:07] [Server thread/INFO] (Minecraft) Saving chunks for level 'ServerLevel[New World]'/minecraft:the_end
[05:41:07] [Server thread/INFO] (Minecraft) Saving chunks for level 'ServerLevel[New World]'/minecraft:the_nether
[05:41:08] [Render thread/INFO] (Minecraft) Resizing Chunk Sections UBO, capacity limit of 512 reached during a single frame. New capacity will be 1024.
[05:41:16] [Render thread/INFO] (Minecraft) [System] [CHAT] [MC AI Recorder] TCP inference: ON
[05:41:16] [MC-AI-TCP-Inference/INFO] (Minecraft) [STDOUT]: [MC AI] Connecting to 192.168.0.11:5005
[05:41:16] [MC-AI-TCP-Inference/INFO] (Minecraft) [STDOUT]: [MC AI] Connected!
[05:41:16] [MC-AI-TCP-Inference/INFO] (Minecraft) [STDOUT]: [MC AI Recorder] TCP action F=false J=false ATK=false yaw=-0.2603 pitch=-0.0526 RTT=62ms
[05:41:16] [Render thread/INFO] (Minecraft) [System] [CHAT] [MC AI Recorder] AI control: ON
[05:41:16] [MC-AI-TCP-Inference/INFO] (Minecraft) [STDOUT]: [MC AI Recorder] TCP action F=false J=false ATK=false yaw=-0.6532 pitch=-0.1276 RTT=65ms
[05:41:16] [MC-AI-TCP-Inference/INFO] (Minecraft) [STDOUT]: [MC AI Recorder] TCP action F=false J=false ATK=false yaw=1.1198 pitch=-0.0366 RTT=69ms
[05:41:16] [MC-AI-TCP-Inference/INFO] (Minecraft) [STDOUT]: [MC AI Recorder] TCP action F=false J=false ATK=false yaw=1.7171 pitch=0.1692 RTT=72ms
[05:41:17] [MC-AI-TCP-Inference/INFO] (Minecraft) [STDOUT]: [MC AI Recorder] TCP action F=false J=false ATK=false yaw=-0.8601 pitch=-0.2925 RTT=63ms
[05:41:17] [MC-AI-TCP-Inference/INFO] (Minecraft) [STDOUT]: [MC AI Recorder] TCP action F=false J=false ATK=false yaw=0.0343 pitch=-0.2732 RTT=66ms
[05:41:17] [MC-AI-TCP-Inference/INFO] (Minecraft) [STDOUT]: [MC AI Recorder] TCP action F=false J=false ATK=false yaw=0.4439 pitch=-0.1154 RTT=66ms
[05:41:17] [MC-AI-TCP-Inference/INFO] (Minecraft) [STDOUT]: [MC AI Recorder] TCP action F=false J=false ATK=false yaw=1.5857 pitch=0.1204 RTT=60ms
[05:41:17] [MC-AI-TCP-Inference/INFO] (Minecraft) [STDOUT]: [MC AI Recorder] TCP action F=false J=false ATK=false yaw=1.6815 pitch=0.093 RTT=74ms
[05:41:18] [MC-AI-TCP-Inference/INFO] (Minecraft) [STDOUT]: [MC AI Recorder] TCP action F=false J=false ATK=false yaw=2.2414 pitch=-0.0327 RTT=60ms
[05:41:18] [MC-AI-TCP-Inference/INFO] (Minecraft) [STDOUT]: [MC AI Recorder] TCP action F=false J=false ATK=false yaw=0.7623 pitch=-0.3363 RTT=61ms
[05:41:18] [MC-AI-TCP-Inference/INFO] (Minecraft) [STDOUT]: [MC AI Recorder] TCP action F=false J=false ATK=false yaw=1.6429 pitch=0.1395 RTT=69ms
[05:41:18] [MC-AI-TCP-Inference/INFO] (Minecraft) [STDOUT]: [MC AI Recorder] TCP action F=false J=false ATK=false yaw=4.3496 pitch=0.7808 RTT=70ms
[05:41:18] [MC-AI-TCP-Inference/INFO] (Minecraft) [STDOUT]: [MC AI Recorder] TCP action F=false J=false ATK=false yaw=0.9731 pitch=0.0706 RTT=69ms
[05:41:19] [MC-AI-TCP-Inference/INFO] (Minecraft) [STDOUT]: [MC AI Recorder] TCP action F=false J=false ATK=false yaw=1.1989 pitch=0.1782 RTT=62ms
[05:41:19] [MC-AI-TCP-Inference/INFO] (Minecraft) [STDOUT]: [MC AI Recorder] TCP action F=false J=false ATK=false yaw=0.9541 pitch=-0.0881 RTT=64ms
[05:41:19] [MC-AI-TCP-Inference/INFO] (Minecraft) [STDOUT]: [MC AI Recorder] TCP action F=false J=false ATK=false yaw=1.2345 pitch=-0.0856 RTT=65ms
[05:41:19] [MC-AI-TCP-Inference/INFO] (Minecraft) [STDOUT]: [MC AI Recorder] TCP action F=false J=false ATK=false yaw=2.0721 pitch=0.1859 RTT=65ms
[05:41:19] [MC-AI-TCP-Inference/INFO] (Minecraft) [STDOUT]: [MC AI Recorder] TCP action F=false J=false ATK=false yaw=0.1485 pitch=-0.1274 RTT=60ms
[05:41:20] [MC-AI-TCP-Inference/INFO] (Minecraft) [STDOUT]: [MC AI Recorder] TCP action F=false J=false ATK=false yaw=-0.2663 pitch=-0.4099 RTT=63ms
[05:41:20] [MC-AI-TCP-Inference/INFO] (Minecraft) [STDOUT]: [MC AI Recorder] TCP action F=false J=false ATK=false yaw=-0.0949 pitch=-0.1952 RTT=66ms
[05:41:20] [MC-AI-TCP-Inference/INFO] (Minecraft) [STDOUT]: [MC AI Recorder] TCP action F=false J=false ATK=false yaw=-0.4393 pitch=-0.1861 RTT=58ms
[05:41:20] [MC-AI-TCP-Inference/INFO] (Minecraft) [STDOUT]: [MC AI Recorder] TCP action F=false J=false ATK=false yaw=-0.2428 pitch=-0.1422 RTT=60ms
[05:41:20] [MC-AI-TCP-Inference/INFO] (Minecraft) [STDOUT]: [MC AI Recorder] TCP action F=false J=false ATK=false yaw=1.6497 pitch=0.2577 RTT=69ms
[05:41:21] [MC-AI-TCP-Inference/INFO] (Minecraft) [STDOUT]: [MC AI Recorder] TCP action F=false J=false ATK=false yaw=-0.3011 pitch=-0.0492 RTT=73ms
[05:41:21] [MC-AI-TCP-Inference/INFO] (Minecraft) [STDOUT]: [MC AI Recorder] TCP action F=false J=false ATK=false yaw=0.5231 pitch=0.1473 RTT=65ms
[05:41:21] [MC-AI-TCP-Inference/INFO] (Minecraft) [STDOUT]: [MC AI Recorder] TCP action F=false J=false ATK=false yaw=0.1814 pitch=-0.1465 RTT=68ms
[05:41:21] [MC-AI-TCP-Inference/INFO] (Minecraft) [STDOUT]: [MC AI Recorder] TCP action F=false J=false ATK=false yaw=-0.2286 pitch=-0.2197 RTT=64ms
[05:41:21] [MC-AI-TCP-Inference/INFO] (Minecraft) [STDOUT]: [MC AI Recorder] TCP action F=false J=false ATK=false yaw=0.406 pitch=5.0E-4 RTT=66ms
[05:41:22] [MC-AI-TCP-Inference/INFO] (Minecraft) [STDOUT]: [MC AI Recorder] TCP action F=false J=false ATK=false yaw=0.6428 pitch=0.008 RTT=63ms
[05:41:22] [MC-AI-TCP-Inference/INFO] (Minecraft) [STDOUT]: [MC AI Recorder] TCP action F=false J=false ATK=false yaw=0.2583 pitch=-0.232 RTT=65ms
[05:41:22] [MC-AI-TCP-Inference/INFO] (Minecraft) [STDOUT]: [MC AI Recorder] TCP action F=false J=false ATK=false yaw=0.4646 pitch=-0.2784 RTT=67ms
[05:41:22] [MC-AI-TCP-Inference/INFO] (Minecraft) [STDOUT]: [MC AI Recorder] TCP action F=false J=false ATK=false yaw=1.24 pitch=0.0356 RTT=72ms
[05:41:22] [MC-AI-TCP-Inference/INFO] (Minecraft) [STDOUT]: [MC AI Recorder] TCP action F=false J=false ATK=false yaw=1.9787 pitch=-0.0376 RTT=60ms
[05:41:23] [MC-AI-TCP-Inference/INFO] (Minecraft) [STDOUT]: [MC AI Recorder] TCP action F=false J=false ATK=false yaw=0.1114 pitch=-0.2784 RTT=60ms
[05:41:23] [MC-AI-TCP-Inference/INFO] (Minecraft) [STDOUT]: [MC AI Recorder] TCP action F=false J=false ATK=false yaw=0.2411 pitch=-0.233 RTT=68ms
[05:41:23] [MC-AI-TCP-Inference/INFO] (Minecraft) [STDOUT]: [MC AI Recorder] TCP action F=false J=false ATK=false yaw=0.484 pitch=-0.3359 RTT=62ms
[05:41:23] [MC-AI-TCP-Inference/INFO] (Minecraft) [STDOUT]: [MC AI Recorder] TCP action F=false J=false ATK=false yaw=0.2018 pitch=-0.2697 RTT=58ms
[05:41:23] [MC-AI-TCP-Inference/INFO] (Minecraft) [STDOUT]: [MC AI Recorder] TCP action F=false J=false ATK=false yaw=0.7028 pitch=0.0177 RTT=62ms
[05:41:24] [MC-AI-TCP-Inference/INFO] (Minecraft) [STDOUT]: [MC AI Recorder] TCP action F=false J=false ATK=false yaw=0.0039 pitch=-0.057 RTT=70ms
[05:41:24] [MC-AI-TCP-Inference/INFO] (Minecraft) [STDOUT]: [MC AI Recorder] TCP action F=false J=false ATK=false yaw=0.1844 pitch=-0.0954 RTT=59ms
[05:41:24] [MC-AI-TCP-Inference/INFO] (Minecraft) [STDOUT]: [MC AI Recorder] TCP action F=false J=false ATK=false yaw=0.6912 pitch=0.0149 RTT=69ms
[05:41:24] [MC-AI-TCP-Inference/INFO] (Minecraft) [STDOUT]: [MC AI Recorder] TCP action F=false J=false ATK=false yaw=0.1393 pitch=-0.1966 RTT=65ms
[05:41:24] [MC-AI-TCP-Inference/INFO] (Minecraft) [STDOUT]: [MC AI Recorder] TCP action F=false J=false ATK=false yaw=-0.5333 pitch=-0.2125 RTT=59ms
[05:41:25] [MC-AI-TCP-Inference/INFO] (Minecraft) [STDOUT]: [MC AI Recorder] TCP action F=false J=false ATK=false yaw=0.4402 pitch=0.0259 RTT=59ms
[05:41:25] [MC-AI-TCP-Inference/INFO] (Minecraft) [STDOUT]: [MC AI Recorder] TCP action F=false J=false ATK=false yaw=0.5931 pitch=0.1754 RTT=71ms
[05:41:25] [MC-AI-TCP-Inference/INFO] (Minecraft) [STDOUT]: [MC AI Recorder] TCP action F=false J=false ATK=false yaw=0.1997 pitch=-0.1865 RTT=75ms
[05:41:25] [MC-AI-TCP-Inference/INFO] (Minecraft) [STDOUT]: [MC AI Recorder] TCP action F=false J=false ATK=false yaw=0.0769 pitch=-0.2645 RTT=72ms
[05:41:25] [MC-AI-TCP-Inference/INFO] (Minecraft) [STDOUT]: [MC AI Recorder] TCP action F=false J=false ATK=false yaw=0.105 pitch=-0.2306 RTT=60ms
[05:41:26] [MC-AI-TCP-Inference/INFO] (Minecraft) [STDOUT]: [MC AI Recorder] TCP action F=false J=false ATK=false yaw=0.8138 pitch=-0.175 RTT=57ms
[05:41:26] [MC-AI-TCP-Inference/INFO] (Minecraft) [STDOUT]: [MC AI Recorder] TCP action F=false J=false ATK=false yaw=1.4548 pitch=0.0398 RTT=67ms
[05:41:26] [MC-AI-TCP-Inference/INFO] (Minecraft) [STDOUT]: [MC AI Recorder] TCP action F=false J=false ATK=false yaw=1.6101 pitch=0.0881 RTT=73ms
[05:41:26] [MC-AI-TCP-Inference/INFO] (Minecraft) [STDOUT]: [MC AI Recorder] TCP action F=false J=false ATK=false yaw=0.4751 pitch=-0.1195 RTT=67ms
[05:41:26] [MC-AI-TCP-Inference/INFO] (Minecraft) [STDOUT]: [MC AI Recorder] TCP action F=false J=false ATK=false yaw=1.1668 pitch=-0.0203 RTT=63ms
[05:41:27] [MC-AI-TCP-Inference/INFO] (Minecraft) [STDOUT]: [MC AI Recorder] TCP action F=false J=false ATK=false yaw=0.0459 pitch=-0.2124 RTT=64ms
[05:41:27] [MC-AI-TCP-Inference/INFO] (Minecraft) [STDOUT]: [MC AI Recorder] TCP action F=false J=false ATK=false yaw=-0.1109 pitch=-0.3818 RTT=58ms
[05:41:27] [MC-AI-TCP-Inference/INFO] (Minecraft) [STDOUT]: [MC AI Recorder] TCP action F=false J=false ATK=false yaw=-0.5732 pitch=-0.2221 RTT=69ms
[05:41:27] [MC-AI-TCP-Inference/INFO] (Minecraft) [STDOUT]: [MC AI Recorder] TCP action F=false J=false ATK=false yaw=-0.8442 pitch=-0.3349 RTT=73ms
[05:41:27] [MC-AI-TCP-Inference/INFO] (Minecraft) [STDOUT]: [MC AI Recorder] TCP action F=false J=false ATK=false yaw=0.1429 pitch=-0.3528 RTT=68ms
[05:41:28] [MC-AI-TCP-Inference/INFO] (Minecraft) [STDOUT]: [MC AI Recorder] TCP action F=false J=false ATK=false yaw=-0.1593 pitch=-0.2 RTT=70ms
[05:41:28] [MC-AI-TCP-Inference/INFO] (Minecraft) [STDOUT]: [MC AI Recorder] TCP action F=false J=false ATK=false yaw=0.1263 pitch=-0.0624 RTT=64ms
[05:41:28] [MC-AI-TCP-Inference/INFO] (Minecraft) [STDOUT]: [MC AI Recorder] TCP action F=false J=false ATK=false yaw=0.1004 pitch=-0.2185 RTT=74ms
[05:41:28] [MC-AI-TCP-Inference/INFO] (Minecraft) [STDOUT]: [MC AI Recorder] TCP action F=false J=false ATK=false yaw=0.1906 pitch=-0.2123 RTT=61ms
[05:41:28] [Render thread/INFO] (Minecraft) [System] [CHAT] [MC AI Recorder] AI control: OFF
[05:41:28] [MC-AI-TCP-Inference/INFO] (Minecraft) [STDOUT]: [MC AI Recorder] TCP action F=false J=false ATK=false yaw=0.1813 pitch=-0.2128 RTT=72ms
[05:41:29] [Render thread/INFO] (Minecraft) [System] [CHAT] [MC AI Recorder] TCP inference: OFF
[05:41:29] [Server thread/INFO] (Minecraft) Saving and pausing game...
[05:41:29] [Server thread/INFO] (Minecraft) Saving chunks for level 'ServerLevel[New World]'/minecraft:overworld
[05:41:29] [Server thread/INFO] (Minecraft) Saving chunks for level 'ServerLevel[New World]'/minecraft:the_end
[05:41:29] [Server thread/INFO] (Minecraft) Saving chunks for level 'ServerLevel[New World]'/minecraft:the_nether
[05:41:30] [Server thread/INFO] (Minecraft) Stopping server
[05:41:30] [Server thread/INFO] (Minecraft) Saving players
[05:41:30] [Server thread/INFO] (Minecraft) Player188 lost connection: Disconnected
[05:41:30] [Server thread/INFO] (Minecraft) Player188 left the game
[05:41:30] [Server thread/INFO] (Minecraft) Stopping singleplayer server as player logged out
[05:41:30] [Server thread/INFO] (Minecraft) Saving worlds
[05:41:31] [Server thread/INFO] (Minecraft) Saving chunks for level 'ServerLevel[New World]'/minecraft:overworld
